0 info it worked if it ends with ok
1 verbose cli [ 'D:\\Program Files\\nodejs\\node.exe',
1 verbose cli   'D:\\Program Files\\nodejs\\node_modules\\npm\\bin\\npm-cli.js',
1 verbose cli   'run',
1 verbose cli   'dev' ]
2 info using npm@3.10.10
3 info using node@v6.10.0
4 verbose run-script [ 'predev', 'dev', 'postdev' ]
5 info lifecycle myblog@1.0.0~predev: myblog@1.0.0
6 silly lifecycle myblog@1.0.0~predev: no script for predev, continuing
7 info lifecycle myblog@1.0.0~dev: myblog@1.0.0
8 verbose lifecycle myblog@1.0.0~dev: unsafe-perm in lifecycle true
9 verbose lifecycle myblog@1.0.0~dev: PATH: D:\Program Files\nodejs\node_modules\npm\bin\node-gyp-bin;D:\workspace\myBlog\node_modules\.bin;C:\ProgramData\Oracle\Java\javapath;C:\Windows\system32;C:\Windows;C:\Windows\System32\Wbem;C:\Windows\System32\WindowsPowerShell\v1.0\;C:\Program Files (x86)\AMD\ATI.ACE\Core-Static;C:\Program Files (x86)\NVIDIA Corporation\PhysX\Common;C:\Program Files\MySQL\MySQL Utilities 1.6\;D:\Program Files\nodejs\;D:\wamp64\bin\mysql\mysql5.7.14\bin;D:\Program Files\nodejs\node_global;D:\Program Files\apache-jena-3.4.0\bat;D:\Program Files\Java\jdk1.8.0_144\bin;D:\Program Files\Git\cmd;D:\c\bin;D:\perl\site\bin;D:\perl\bin;D:\Program Files\Yarn\bin\;C:\Ruby24-x64\bin;D:\Anaconda;D:\Anaconda\Scripts;D:\Anaconda\Library\bin;C:\Users\dell\AppData\Roaming\npm;D:\Program Files\Docker Toolbox;D:\Program Files\Git\mingw64\bin;C:\Users\dell\AppData\Local\Yarn\bin
10 verbose lifecycle myblog@1.0.0~dev: CWD: D:\workspace\myBlog
11 silly lifecycle myblog@1.0.0~dev: Args: [ '/d /s /c', 'webpack-dev-server' ]
12 silly lifecycle myblog@1.0.0~dev: Returned: code: 3221225786  signal: null
13 info lifecycle myblog@1.0.0~dev: Failed to exec dev script
14 verbose stack Error: myblog@1.0.0 dev: `webpack-dev-server`
14 verbose stack Exit status 3221225786
14 verbose stack     at EventEmitter.<anonymous> (D:\Program Files\nodejs\node_modules\npm\lib\utils\lifecycle.js:255:16)
14 verbose stack     at emitTwo (events.js:106:13)
14 verbose stack     at EventEmitter.emit (events.js:191:7)
14 verbose stack     at ChildProcess.<anonymous> (D:\Program Files\nodejs\node_modules\npm\lib\utils\spawn.js:40:14)
14 verbose stack     at emitTwo (events.js:106:13)
14 verbose stack     at ChildProcess.emit (events.js:191:7)
14 verbose stack     at maybeClose (internal/child_process.js:877:16)
14 verbose stack     at Process.ChildProcess._handle.onexit (internal/child_process.js:226:5)
15 verbose pkgid myblog@1.0.0
16 verbose cwd D:\workspace\myBlog
17 error Windows_NT 6.1.7601
18 error argv "D:\\Program Files\\nodejs\\node.exe" "D:\\Program Files\\nodejs\\node_modules\\npm\\bin\\npm-cli.js" "run" "dev"
19 error node v6.10.0
20 error npm  v3.10.10
21 error code ELIFECYCLE
22 error myblog@1.0.0 dev: `webpack-dev-server`
22 error Exit status 3221225786
23 error Failed at the myblog@1.0.0 dev script 'webpack-dev-server'.
23 error Make sure you have the latest version of node.js and npm installed.
23 error If you do, this is most likely a problem with the myblog package,
23 error not with npm itself.
23 error Tell the author that this fails on your system:
23 error     webpack-dev-server
23 error You can get information on how to open an issue for this project with:
23 error     npm bugs myblog
23 error Or if that isn't available, you can get their info via:
23 error     npm owner ls myblog
23 error There is likely additional logging output above.
24 verbose exit [ 1, true ]
